
**** Build of configuration Debug for project empty_min_EK_TM4C123GXL_TI ****

"C:\\ti\\ccs1210\\ccs\\utils\\bin\\gmake" -k -j 8 all -O 
 
Building file: "../empty_min_template.cfg"
Invoking: XDCtools
"C:/ti/xdctools_3_32_00_06_core/xs" --xdcpath="C:/ti/tirtos_tivac_2_16_00_08/packages;C:/ti/tirtos_tivac_2_16_00_08/products/tidrivers_tivac_2_16_00_08/packages;C:/ti/tirtos_tivac_2_16_00_08/products/bios_6_45_01_29/packages;C:/ti/tirtos_tivac_2_16_00_08/products/ndk_2_25_00_09/packages;C:/ti/tirtos_tivac_2_16_00_08/products/uia_2_00_05_50/packages;C:/ti/tirtos_tivac_2_16_00_08/products/ns_1_11_00_10/packages;" xdc.tools.configuro -o configPkg -t ti.targets.arm.elf.M4F -p ti.platforms.tiva:TM4C123GH6PM -r release -c "C:/ti/ccs1210/ccs/tools/compiler/ti-cgt-arm_20.2.7.LTS" --compileOptions "-mv7M4 --code_state=16 --float_support=FPv4SPD16 -me --include_path=\"C:/Users/Nolas/OneDrive/Desktop/UNLV/fall 2022/CPE403/Assignments/not-github/Assignment 3/Code/empty_min_EK_TM4C123GXL_TI\" --include_path=\"C:/Users/Nolas/OneDrive/Desktop/UNLV/fall 2022/CPE403/Assignments/not-github/Assignment 3/Code/empty_min_EK_TM4C123GXL_TI\" --include_path=\"C:/ti/tirtos_tivac_2_16_00_08/products/TivaWare_C_Series-2.1.1.71b\" --include_path=\"C:/ti/tirtos_tivac_2_16_00_08/products/bios_6_45_01_29/packages/ti/sysbios/posix\" --include_path=\"C:/ti/ccs1210/ccs/tools/compiler/ti-cgt-arm_20.2.7.LTS/include\" --define=ccs=\"ccs\" --define=PART_TM4C123GH6PM --define=ccs --define=TIVAWARE -g --gcc --diag_warning=225 --diag_warning=255 --diag_wrap=off --display_error_number --gen_func_subsections=on --abi=eabi  " "../empty_min_template.cfg"
making package.mak (because of package.bld) ...
generating interfaces for package configPkg (because package/package.xdc.inc is older than package.xdc) ...
configuring empty_min_template.xem4f from package/cfg/empty_min_template_pem4f.cfg ...
generating custom ti.sysbios library makefile ... 
Starting build of library sources ...
making C:/Users/Nolas/OneDrive/Desktop/UNLV/FALL20~4/CPE403/ASSIGN~1/NOT-GI~1/ASSIGN~4/Code/empty_min_EK_TM4C123GXL_TI/src/sysbios/sysbios.aem4f ...
gmake[1]: Entering directory `C:/Users/Nolas/OneDrive/Desktop/UNLV/FALL20~4/CPE403/ASSIGN~1/NOT-GI~1/ASSIGN~4/Code/empty_min_EK_TM4C123GXL_TI/src/sysbios'
clem4f C:/ti/tirtos_tivac_2_16_00_08/products/bios_6_45_01_29/packages/ti/sysbios/BIOS.c ...
asmem4f C:/ti/tirtos_tivac_2_16_00_08/products/bios_6_45_01_29/packages/ti/sysbios/family/arm/m3/Hwi_asm.sv7M ...
asmem4f C:/ti/tirtos_tivac_2_16_00_08/products/bios_6_45_01_29/packages/ti/sysbios/family/arm/m3/Hwi_asm_switch.sv7M ...
asmem4f C:/ti/tirtos_tivac_2_16_00_08/products/bios_6_45_01_29/packages/ti/sysbios/family/arm/m3/IntrinsicsSupport_asm.sv7M ...
asmem4f C:/ti/tirtos_tivac_2_16_00_08/products/bios_6_45_01_29/packages/ti/sysbios/family/arm/m3/TaskSupport_asm.sv7M ...
arem4f BIOS.obj m3_Hwi_asm.obj m3_Hwi_asm_switch.obj m3_IntrinsicsSupport_asm.obj m3_TaskSupport_asm.obj ...
gmake[1]: Leaving directory `C:/Users/Nolas/OneDrive/Desktop/UNLV/FALL20~4/CPE403/ASSIGN~1/NOT-GI~1/ASSIGN~4/Code/empty_min_EK_TM4C123GXL_TI/src/sysbios'
Build of libraries done.
clem4f package/cfg/empty_min_template_pem4f.c ...
"package/cfg/empty_min_template_pem4f.c", line 19928: warning #112-D: statement is unreachable
"package/cfg/empty_min_template_pem4f.c", line 20414: warning #112-D: statement is unreachable
"package/cfg/empty_min_template_pem4f.c", line 20649: warning #112-D: statement is unreachable
"package/cfg/empty_min_template_pem4f.c", line 20869: warning #112-D: statement is unreachable
Finished building: "../empty_min_template.cfg"
 
        1 file(s) copied.
making ../src/sysbios/sysbios.aem4f ...
gmake[1]: Nothing to be done for 'all'.
Building file: "../empty_min_template.c"
Invoking: Arm Compiler
"C:/ti/ccs1210/ccs/tools/compiler/ti-cgt-arm_20.2.7.LTS/bin/armcl" -mv7M4 --code_state=16 --float_support=FPv4SPD16 -me --include_path="C:/Users/Nolas/OneDrive/Desktop/UNLV/fall 2022/CPE403/Assignments/not-github/Assignment 3/Code/empty_min_EK_TM4C123GXL_TI" --include_path="C:/Users/Nolas/OneDrive/Desktop/UNLV/fall 2022/CPE403/Assignments/not-github/Assignment 3/Code/empty_min_EK_TM4C123GXL_TI" --include_path="C:/ti/tirtos_tivac_2_16_00_08/products/TivaWare_C_Series-2.1.1.71b" --include_path="C:/ti/tirtos_tivac_2_16_00_08/products/bios_6_45_01_29/packages/ti/sysbios/posix" --include_path="C:/ti/ccs1210/ccs/tools/compiler/ti-cgt-arm_20.2.7.LTS/include" --define=ccs="ccs" --define=PART_TM4C123GH6PM --define=ccs --define=TIVAWARE -g --gcc --diag_warning=225 --diag_warning=255 --diag_wrap=off --display_error_number --gen_func_subsections=on --abi=eabi --preproc_with_compile --preproc_dependency="empty_min_template.d_raw" --cmd_file="configPkg/compiler.opt"  "../empty_min_template.c"
 
>> Compilation failure
subdir_rules.mk:9: recipe for target 'empty_min_template.obj' failed
"../empty_min_template.c", line 68: error #148: declaration is incompatible with "const ti_sysbios_knl_Semaphore_Handle taskSem" (declared at line 14 of "C:/Users/Nolas/OneDrive/Desktop/UNLV/fall 2022/CPE403/Assignments/not-github/Assignment 3/Code/empty_min_EK_TM4C123GXL_TI/Debug/configPkg/package/cfg/empty_min_template_pem4f.h")
"../empty_min_template.c", line 91: error #148: declaration is incompatible with "const ti_sysbios_knl_Task_Handle task1" (declared at line 11 of "C:/Users/Nolas/OneDrive/Desktop/UNLV/fall 2022/CPE403/Assignments/not-github/Assignment 3/Code/empty_min_EK_TM4C123GXL_TI/Debug/configPkg/package/cfg/empty_min_template_pem4f.h")
"../empty_min_template.c", line 94: error #20: identifier "taskSem1" is undefined
"../empty_min_template.c", line 105: error #20: identifier "taskSem2" is undefined
"../empty_min_template.c", line 116: error #20: identifier "taskSem3" is undefined
"../empty_min_template.c", line 129: error #20: identifier "taskSem1" is undefined
"../empty_min_template.c", line 131: error #20: identifier "taskSem2" is undefined
"../empty_min_template.c", line 133: error #20: identifier "taskSem3" is undefined
"../empty_min_template.c", line 148: warning #179-D: variable "ui32Period" was declared but never referenced
8 errors detected in the compilation of "../empty_min_template.c".
gmake: *** [empty_min_template.obj] Error 1
Building file: "../EK_TM4C123GXL.c"
Invoking: Arm Compiler
"C:/ti/ccs1210/ccs/tools/compiler/ti-cgt-arm_20.2.7.LTS/bin/armcl" -mv7M4 --code_state=16 --float_support=FPv4SPD16 -me --include_path="C:/Users/Nolas/OneDrive/Desktop/UNLV/fall 2022/CPE403/Assignments/not-github/Assignment 3/Code/empty_min_EK_TM4C123GXL_TI" --include_path="C:/Users/Nolas/OneDrive/Desktop/UNLV/fall 2022/CPE403/Assignments/not-github/Assignment 3/Code/empty_min_EK_TM4C123GXL_TI" --include_path="C:/ti/tirtos_tivac_2_16_00_08/products/TivaWare_C_Series-2.1.1.71b" --include_path="C:/ti/tirtos_tivac_2_16_00_08/products/bios_6_45_01_29/packages/ti/sysbios/posix" --include_path="C:/ti/ccs1210/ccs/tools/compiler/ti-cgt-arm_20.2.7.LTS/include" --define=ccs="ccs" --define=PART_TM4C123GH6PM --define=ccs --define=TIVAWARE -g --gcc --diag_warning=225 --diag_warning=255 --diag_wrap=off --display_error_number --gen_func_subsections=on --abi=eabi --preproc_with_compile --preproc_dependency="EK_TM4C123GXL.d_raw" --cmd_file="configPkg/compiler.opt"  "../EK_TM4C123GXL.c"
Finished building: "../EK_TM4C123GXL.c"
 
gmake: Target 'all' not remade because of errors.

**** Build Finished ****
